<?xml version="1.0" encoding="UTF-8"?>
<testng-results ignored="0" total="7" passed="6" failed="1" skipped="0">
  <reporter-output>
  </reporter-output>
  <suite started-at="2022-01-25T17:07:47 IST" name="Default suite" finished-at="2022-01-25T17:08:44 IST" duration-ms="57409">
    <groups>
    </groups>
    <test started-at="2022-01-25T17:07:47 IST" name="Default test" finished-at="2022-01-25T17:08:44 IST" duration-ms="57409">
      <class name="com.sky.qa.testcases.ProjectPageTest">
        <test-method is-config="true" signature="setUp()[pri:0, instance:com.sky.qa.testcases.ProjectPageTest@6e535154]" started-at="2022-01-25T17:07:47 IST" name="setUp" finished-at="2022-01-25T17:08:12 IST" duration-ms="25179" status="PASS">
          <reporter-output>
          </reporter-output>
        </test-method> <!-- setUp -->
        <test-method signature="createProject()[pri:1, instance:com.sky.qa.testcases.ProjectPageTest@6e535154]" started-at="2022-01-25T17:08:12 IST" name="createProject" finished-at="2022-01-25T17:08:18 IST" duration-ms="5390" status="PASS">
          <reporter-output>
          </reporter-output>
        </test-method> <!-- createProject -->
        <test-method signature="addEnvironmentToProject()[pri:2, instance:com.sky.qa.testcases.ProjectPageTest@6e535154]" started-at="2022-01-25T17:08:18 IST" name="addEnvironmentToProject" finished-at="2022-01-25T17:08:19 IST" duration-ms="1790" status="PASS">
          <reporter-output>
          </reporter-output>
        </test-method> <!-- addEnvironmentToProject -->
        <test-method signature="addTemplateToProject()[pri:3, instance:com.sky.qa.testcases.ProjectPageTest@6e535154]" started-at="2022-01-25T17:08:19 IST" name="addTemplateToProject" finished-at="2022-01-25T17:08:20 IST" duration-ms="1186" status="PASS">
          <reporter-output>
          </reporter-output>
        </test-method> <!-- addTemplateToProject -->
        <test-method signature="addAssetToProject()[pri:4, instance:com.sky.qa.testcases.ProjectPageTest@6e535154]" started-at="2022-01-25T17:08:20 IST" name="addAssetToProject" finished-at="2022-01-25T17:08:22 IST" duration-ms="1225" status="PASS">
          <reporter-output>
          </reporter-output>
        </test-method> <!-- addAssetToProject -->
        <test-method signature="addGroupToProject()[pri:5, instance:com.sky.qa.testcases.ProjectPageTest@6e535154]" started-at="2022-01-25T17:08:22 IST" name="addGroupToProject" finished-at="2022-01-25T17:08:28 IST" duration-ms="6355" status="PASS">
          <reporter-output>
          </reporter-output>
        </test-method> <!-- addGroupToProject -->
        <test-method signature="addUserToProject()[pri:6, instance:com.sky.qa.testcases.ProjectPageTest@6e535154]" started-at="2022-01-25T17:08:28 IST" name="addUserToProject" finished-at="2022-01-25T17:08:29 IST" duration-ms="1297" status="PASS">
          <reporter-output>
          </reporter-output>
        </test-method> <!-- addUserToProject -->
        <test-method signature="removeFromProject()[pri:7, instance:com.sky.qa.testcases.ProjectPageTest@6e535154]" started-at="2022-01-25T17:08:29 IST" name="removeFromProject" finished-at="2022-01-25T17:08:44 IST" duration-ms="14937" status="FAIL">
          <exception class="org.openqa.selenium.ElementClickInterceptedException">
            <message>
              <![CDATA[element click intercepted: Element <span class="app-button app-button--quiet app-btn-group__button icon-only icon-close" data-test="resource-list-item__remove--user-membership1152871" title="Remove from project"></span> is not clickable at point (1214, 515). Other element would receive the click: <div class="cookie-banner">...</div>
  (Session info: chrome=97.0.4692.99)
Build info: version: '4.0.0-beta-1', revision: '9c03156c2b'
System info: host: 'QT-INNO-LT1420', ip: '192.168.1.32', os.name: 'Windows 10', os.arch: 'amd64', os.version: '10.0', java.version: '17.0.1'
Driver info: org.openqa.selenium.chrome.ChromeDriver
Command: [1174033ff51c2751752acb4e35e96df9, clickElement {id=a787a510-0be8-421d-a1ec-8f541348ed16}]
Capabilities {acceptInsecureCerts: false, browserName: chrome, browserVersion: 97.0.4692.99, chrome: {chromedriverVersion: 97.0.4692.71 (adefa7837d02a..., userDataDir: C:\Users\ROHIT~1.SAI\AppDat...}, goog:chromeOptions: {debuggerAddress: localhost:51484}, javascriptEnabled: true, networkConnectionEnabled: false, pageLoadStrategy: normal, platform: WINDOWS, platformName: WINDOWS, proxy: Proxy(), setWindowRect: true, strictFileInteractability: false, timeouts: {implicit: 0, pageLoad: 300000, script: 30000}, unhandledPromptBehavior: dismiss and notify, webauthn:extension:credBlob: true, webauthn:extension:largeBlob: true, webauthn:virtualAuthenticators: true}
Element: [[ChromeDriver: chrome on WINDOWS (1174033ff51c2751752acb4e35e96df9)] -> xpath: (//span[@title='Remove from project'])[1]]
Session ID: 1174033ff51c2751752acb4e35e96df9]]>
            </message>
            <full-stacktrace>
              <![CDATA[org.openqa.selenium.ElementClickInterceptedException: element click intercepted: Element <span class="app-button app-button--quiet app-btn-group__button icon-only icon-close" data-test="resource-list-item__remove--user-membership1152871" title="Remove from project"></span> is not clickable at point (1214, 515). Other element would receive the click: <div class="cookie-banner">...</div>
  (Session info: chrome=97.0.4692.99)
Build info: version: '4.0.0-beta-1', revision: '9c03156c2b'
System info: host: 'QT-INNO-LT1420', ip: '192.168.1.32', os.name: 'Windows 10', os.arch: 'amd64', os.version: '10.0', java.version: '17.0.1'
Driver info: org.openqa.selenium.chrome.ChromeDriver
Command: [1174033ff51c2751752acb4e35e96df9, clickElement {id=a787a510-0be8-421d-a1ec-8f541348ed16}]
Capabilities {acceptInsecureCerts: false, browserName: chrome, browserVersion: 97.0.4692.99, chrome: {chromedriverVersion: 97.0.4692.71 (adefa7837d02a..., userDataDir: C:\Users\ROHIT~1.SAI\AppDat...}, goog:chromeOptions: {debuggerAddress: localhost:51484}, javascriptEnabled: true, networkConnectionEnabled: false, pageLoadStrategy: normal, platform: WINDOWS, platformName: WINDOWS, proxy: Proxy(), setWindowRect: true, strictFileInteractability: false, timeouts: {implicit: 0, pageLoad: 300000, script: 30000}, unhandledPromptBehavior: dismiss and notify, webauthn:extension:credBlob: true, webauthn:extension:largeBlob: true, webauthn:virtualAuthenticators: true}
Element: [[ChromeDriver: chrome on WINDOWS (1174033ff51c2751752acb4e35e96df9)] -> xpath: (//span[@title='Remove from project'])[1]]
Session ID: 1174033ff51c2751752acb4e35e96df9
at java.base/jdk.internal.reflect.NativeConstructorAccessorImpl.newInstance0(Native Method)
at java.base/jdk.internal.reflect.NativeConstructorAccessorImpl.newInstance(NativeConstructorAccessorImpl.java:77)
at java.base/jdk.internal.reflect.DelegatingConstructorAccessorImpl.newInstance(DelegatingConstructorAccessorImpl.java:45)
at java.base/java.lang.reflect.Constructor.newInstanceWithCaller(Constructor.java:499)
at java.base/java.lang.reflect.Constructor.newInstance(Constructor.java:480)
at org.openqa.selenium.remote.codec.w3c.W3CHttpResponseCodec.createException(W3CHttpResponseCodec.java:195)
at org.openqa.selenium.remote.codec.w3c.W3CHttpResponseCodec.decode(W3CHttpResponseCodec.java:128)
at org.openqa.selenium.remote.codec.w3c.W3CHttpResponseCodec.decode(W3CHttpResponseCodec.java:52)
at org.openqa.selenium.remote.HttpCommandExecutor.execute(HttpCommandExecutor.java:181)
at org.openqa.selenium.remote.service.DriverCommandExecutor.invokeExecute(DriverCommandExecutor.java:153)
at org.openqa.selenium.remote.service.DriverCommandExecutor.execute(DriverCommandExecutor.java:128)
at org.openqa.selenium.remote.RemoteWebDriver.execute(RemoteWebDriver.java:620)
at org.openqa.selenium.remote.RemoteWebElement.execute(RemoteWebElement.java:239)
at org.openqa.selenium.remote.RemoteWebElement.click(RemoteWebElement.java:77)
at jdk.internal.reflect.GeneratedMethodAccessor1.invoke(Unknown Source)
at java.base/jdk.internal.reflect.DelegatingMethodAccessorImpl.invoke(DelegatingMethodAccessorImpl.java:43)
at java.base/java.lang.reflect.Method.invoke(Method.java:568)
at org.openqa.selenium.support.pagefactory.internal.LocatingElementHandler.invoke(LocatingElementHandler.java:52)
at jdk.proxy2/jdk.proxy2.$Proxy16.click(Unknown Source)
at com.Sky.qa.pages.ProjectPage.removeResourceFromProject(ProjectPage.java:250)
at com.sky.qa.testcases.ProjectPageTest.removeFromProject(ProjectPageTest.java:99)
at java.base/jdk.internal.reflect.NativeMethodAccessorImpl.invoke0(Native Method)
at java.base/jdk.internal.reflect.NativeMethodAccessorImpl.invoke(NativeMethodAccessorImpl.java:77)
at java.base/jdk.internal.reflect.DelegatingMethodAccessorImpl.invoke(DelegatingMethodAccessorImpl.java:43)
at java.base/java.lang.reflect.Method.invoke(Method.java:568)
at org.testng.internal.MethodInvocationHelper.invokeMethod(MethodInvocationHelper.java:133)
at org.testng.internal.TestInvoker.invokeMethod(TestInvoker.java:598)
at org.testng.internal.TestInvoker.invokeTestMethod(TestInvoker.java:173)
at org.testng.internal.MethodRunner.runInSequence(MethodRunner.java:46)
at org.testng.internal.TestInvoker$MethodInvocationAgent.invoke(TestInvoker.java:824)
at org.testng.internal.TestInvoker.invokeTestMethods(TestInvoker.java:146)
at org.testng.internal.TestMethodWorker.invokeTestMethods(TestMethodWorker.java:146)
at org.testng.internal.TestMethodWorker.run(TestMethodWorker.java:128)
at java.base/java.util.ArrayList.forEach(ArrayList.java:1511)
at org.testng.TestRunner.privateRun(TestRunner.java:794)
at org.testng.TestRunner.run(TestRunner.java:596)
at org.testng.SuiteRunner.runTest(SuiteRunner.java:377)
at org.testng.SuiteRunner.runSequentially(SuiteRunner.java:371)
at org.testng.SuiteRunner.privateRun(SuiteRunner.java:332)
at org.testng.SuiteRunner.run(SuiteRunner.java:276)
at org.testng.SuiteRunnerWorker.runSuite(SuiteRunnerWorker.java:53)
at org.testng.SuiteRunnerWorker.run(SuiteRunnerWorker.java:96)
at org.testng.TestNG.runSuitesSequentially(TestNG.java:1212)
at org.testng.TestNG.runSuitesLocally(TestNG.java:1134)
at org.testng.TestNG.runSuites(TestNG.java:1063)
at org.testng.TestNG.run(TestNG.java:1031)
at org.testng.remote.AbstractRemoteTestNG.run(AbstractRemoteTestNG.java:115)
at org.testng.remote.RemoteTestNG.initAndRun(RemoteTestNG.java:251)
at org.testng.remote.RemoteTestNG.main(RemoteTestNG.java:77)
]]>
            </full-stacktrace>
          </exception> <!-- org.openqa.selenium.ElementClickInterceptedException -->
          <reporter-output>
          </reporter-output>
        </test-method> <!-- removeFromProject -->
        <test-method is-config="true" signature="lastTest()[pri:0, instance:com.sky.qa.testcases.ProjectPageTest@6e535154]" started-at="2022-01-25T17:08:44 IST" name="lastTest" finished-at="2022-01-25T17:08:44 IST" duration-ms="0" status="PASS">
          <reporter-output>
          </reporter-output>
        </test-method> <!-- lastTest -->
      </class> <!-- com.sky.qa.testcases.ProjectPageTest -->
    </test> <!-- Default test -->
  </suite> <!-- Default suite -->
</testng-results>
